-------------------------------------------------------------------------------
Test set: TestSuite
-------------------------------------------------------------------------------
Tests run: 2, Failures: 1, Errors: 0, Skipped: 0, Time elapsed: 77.103 sec <<< FAILURE! - in TestSuite
test_login(TestLogin)  Time elapsed: 14 sec  <<< FAILURE!
java.lang.AssertionError: expected [true] but found [false]
	at TestLogin.test_login(TestLogin.java:32)

