<?xml version="1.0" encoding="UTF-8"?>
<testng-results skipped="0" failed="0" total="4" passed="4">
  <reporter-output>
  </reporter-output>
  <suite name="FistTest" duration-ms="230934" started-at="2016-02-12T22:10:36Z" finished-at="2016-02-12T22:14:27Z">
    <groups>
    </groups>
    <test name="Don&#039;t know" duration-ms="230934" started-at="2016-02-12T22:10:36Z" finished-at="2016-02-12T22:14:27Z">
      <class name="Tests">
        <test-method status="PASS" signature="startBrowser(java.lang.String)[pri:0, instance:Tests@180bc464]" name="startBrowser" is-config="true" duration-ms="14406" started-at="2016-02-13T00:10:36Z" finished-at="2016-02-13T00:10:50Z">
          <params>
            <param index="0">
              <value>
                <![CDATA[firefox]]>
              </value>
            </param>
          </params>
          <reporter-output>
          </reporter-output>
        </test-method> <!-- startBrowser -->
        <test-method status="PASS" signature="searchNotebook()[pri:0, instance:Tests@180bc464]" name="searchNotebook" duration-ms="52797" started-at="2016-02-13T00:10:50Z" finished-at="2016-02-13T00:11:43Z">
          <reporter-output>
          </reporter-output>
        </test-method> <!-- searchNotebook -->
        <test-method status="PASS" signature="stopBrowser()[pri:0, instance:Tests@180bc464]" name="stopBrowser" is-config="true" duration-ms="1376" started-at="2016-02-13T00:11:43Z" finished-at="2016-02-13T00:11:45Z">
          <reporter-output>
          </reporter-output>
        </test-method> <!-- stopBrowser -->
        <test-method status="PASS" signature="startBrowser(java.lang.String)[pri:0, instance:Tests@180bc464]" name="startBrowser" is-config="true" duration-ms="8827" started-at="2016-02-13T00:11:45Z" finished-at="2016-02-13T00:11:53Z">
          <params>
            <param index="0">
              <value>
                <![CDATA[firefox]]>
              </value>
            </param>
          </params>
          <reporter-output>
          </reporter-output>
        </test-method> <!-- startBrowser -->
        <test-method status="PASS" signature="test_login(java.lang.String, java.lang.String, boolean)[pri:0, instance:Tests@180bc464]" name="test_login" duration-ms="20463" started-at="2016-02-13T00:11:53Z" data-provider="loginValidation" finished-at="2016-02-13T00:12:14Z">
          <params>
            <param index="0">
              <value>
                <![CDATA[1856102]]>
              </value>
            </param>
            <param index="1">
              <value>
                <![CDATA[newpas11]]>
              </value>
            </param>
            <param index="2">
              <value>
                <![CDATA[true]]>
              </value>
            </param>
          </params>
          <reporter-output>
          </reporter-output>
        </test-method> <!-- test_login -->
        <test-method status="PASS" signature="stopBrowser()[pri:0, instance:Tests@180bc464]" name="stopBrowser" is-config="true" duration-ms="589" started-at="2016-02-13T00:12:14Z" finished-at="2016-02-13T00:12:14Z">
          <reporter-output>
          </reporter-output>
        </test-method> <!-- stopBrowser -->
        <test-method status="PASS" signature="startBrowser(java.lang.String)[pri:0, instance:Tests@180bc464]" name="startBrowser" is-config="true" duration-ms="8792" started-at="2016-02-13T00:12:14Z" finished-at="2016-02-13T00:12:23Z">
          <params>
            <param index="0">
              <value>
                <![CDATA[firefox]]>
              </value>
            </param>
          </params>
          <reporter-output>
          </reporter-output>
        </test-method> <!-- startBrowser -->
        <test-method status="PASS" signature="test_login(java.lang.String, java.lang.String, boolean)[pri:0, instance:Tests@180bc464]" name="test_login" duration-ms="20881" started-at="2016-02-13T00:12:23Z" data-provider="loginValidation" finished-at="2016-02-13T00:12:44Z">
          <params>
            <param index="0">
              <value>
                <![CDATA[sadfsad]]>
              </value>
            </param>
            <param index="1">
              <value>
                <![CDATA[asdf]]>
              </value>
            </param>
            <param index="2">
              <value>
                <![CDATA[false]]>
              </value>
            </param>
          </params>
          <reporter-output>
          </reporter-output>
        </test-method> <!-- test_login -->
        <test-method status="PASS" signature="stopBrowser()[pri:0, instance:Tests@180bc464]" name="stopBrowser" is-config="true" duration-ms="661" started-at="2016-02-13T00:12:44Z" finished-at="2016-02-13T00:12:45Z">
          <reporter-output>
          </reporter-output>
        </test-method> <!-- stopBrowser -->
        <test-method status="PASS" signature="startBrowser(java.lang.String)[pri:0, instance:Tests@180bc464]" name="startBrowser" is-config="true" duration-ms="8732" started-at="2016-02-13T00:12:45Z" finished-at="2016-02-13T00:12:53Z">
          <params>
            <param index="0">
              <value>
                <![CDATA[firefox]]>
              </value>
            </param>
          </params>
          <reporter-output>
          </reporter-output>
        </test-method> <!-- startBrowser -->
        <test-method status="PASS" signature="test_technology()[pri:0, instance:Tests@180bc464]" name="test_technology" duration-ms="92203" started-at="2016-02-13T00:12:53Z" finished-at="2016-02-13T00:14:26Z">
          <reporter-output>
          </reporter-output>
        </test-method> <!-- test_technology -->
        <test-method status="PASS" signature="stopBrowser()[pri:0, instance:Tests@180bc464]" name="stopBrowser" is-config="true" duration-ms="1157" started-at="2016-02-13T00:14:26Z" finished-at="2016-02-13T00:14:27Z">
          <reporter-output>
          </reporter-output>
        </test-method> <!-- stopBrowser -->
      </class> <!-- Tests -->
    </test> <!-- Don't know -->
  </suite> <!-- FistTest -->
</testng-results>
