<?xml version="1.0" encoding="UTF-8"?>
<!-- Generated by org.testng.reporters.JUnitXMLReporter -->
<testsuite hostname="Stepan-PC" tests="4" failures="0" timestamp="14 Feb 2016 12:42:57 GMT" time="233.817" errors="0">
  <testcase name="searchNotebook" time="56.544" classname="Tests"/>
  <testcase name="test_login" time="25.877" classname="Tests"/>
  <testcase name="test_login" time="5.265" classname="Tests"/>
  <testcase name="test_technology" time="76.198" classname="Tests"/>
</testsuite>
