<?xml version="1.0" encoding="UTF-8"?>
<!-- Generated by org.testng.reporters.JUnitXMLReporter -->
<testsuite hostname="Stepan-PC" tests="2" failures="1" timestamp="11 Feb 2016 08:00:52 GMT" time="75.659" errors="0">
  <testcase name="test_login" time="21.701" classname="TestLogin"/>
  <testcase name="test_login" time="13.976" classname="TestLogin">
    <failure type="java.lang.AssertionError" message="expected [true] but found [false]">
      <![CDATA[java.lang.AssertionError: expected [true] but found [false]
	at TestLogin.test_login(TestLogin.java:32)
	at java.util.concurrent.ThreadPoolExecutor.runWorker(ThreadPoolExecutor.java:1142)
	at java.util.concurrent.ThreadPoolExecutor$Worker.run(ThreadPoolExecutor.java:617)
	at java.lang.Thread.run(Thread.java:745)
... Removed 14 stack frames]]>
    </failure>
  </testcase> <!-- test_login -->
</testsuite>
