<?xml version="1.0" encoding="UTF-8"?>
<!-- Generated by org.testng.reporters.JUnitXMLReporter -->
<testsuite hostname="Stepan-PC" tests="4" failures="0" timestamp="16 Feb 2016 17:00:18 GMT" time="195.578" errors="0">
  <testcase name="searchNotebook" time="42.947" classname="Tests"/>
  <testcase name="test_login" time="20.802" classname="Tests"/>
  <testcase name="test_login" time="3.608" classname="Tests"/>
  <testcase name="test_technology" time="70.494" classname="Tests"/>
</testsuite>
