<?xml version="1.0" encoding="UTF-8"?>
<!-- Generated by org.testng.reporters.JUnitXMLReporter -->
<testsuite hostname="Stepan-PC" tests="4" failures="0" timestamp="15 Feb 2016 00:04:08 GMT" time="202.331" errors="0">
  <testcase name="searchNotebook" time="29.103" classname="Tests"/>
  <testcase name="test_login" time="5.685" classname="Tests"/>
  <testcase name="test_login" time="3.502" classname="Tests"/>
  <testcase name="test_technology" time="64.996" classname="Tests"/>
</testsuite>
